# Logfile created on 2014-01-22 02:27:53 +0200 by logger.rb/44203
I, [2014-01-22T02:27:53.940755 #4916]  INFO -- : 0:  tilt (1.4.1) from /Users/moacir/.rvm/gems/ruby-2.1.0/specifications/tilt-1.4.1.gemspec
I, [2014-01-22T02:27:55.181624 #4916]  INFO -- : 0:  haml (4.0.3) from /Users/moacir/.rvm/gems/ruby-2.1.0/specifications/haml-4.0.3.gemspec
I, [2014-01-22T02:27:55.773425 #4916]  INFO -- : 0:  jsmin (1.0.1) from /Users/moacir/.rvm/gems/ruby-2.1.0/specifications/jsmin-1.0.1.gemspec
I, [2014-01-22T02:27:57.294946 #4916]  INFO -- : 0:  rack (1.5.2) from /Users/moacir/.rvm/gems/ruby-2.1.0/specifications/rack-1.5.2.gemspec
I, [2014-01-22T02:27:58.136069 #4916]  INFO -- : 0:  rack-protection (1.5.2) from /Users/moacir/.rvm/gems/ruby-2.1.0/specifications/rack-protection-1.5.2.gemspec
I, [2014-01-22T02:27:58.813284 #4916]  INFO -- : 0:  rack-test (0.6.2) from /Users/moacir/.rvm/gems/ruby-2.1.0/specifications/rack-test-0.6.2.gemspec
I, [2014-01-22T02:28:22.931448 #4916]  INFO -- : 0:  rdiscount (2.1.7) from /Users/moacir/.rvm/gems/ruby-2.1.0/specifications/rdiscount-2.1.7.gemspec
I, [2014-01-22T02:28:24.292776 #4916]  INFO -- : 0:  sinatra (1.4.3) from /Users/moacir/.rvm/gems/ruby-2.1.0/specifications/sinatra-1.4.3.gemspec
I, [2014-01-22T02:28:26.167290 #4916]  INFO -- : 0:  sinatra-assetpack (0.2.8) from /Users/moacir/.rvm/gems/ruby-2.1.0/specifications/sinatra-assetpack-0.2.8.gemspec
I, [2014-01-22T02:28:26.167898 #4916]  INFO -- : 0:  bundler (1.5.1) from /Users/moacir/.rvm/gems/ruby-2.1.0@global/specifications/bundler-1.5.1.gemspec
I, [2014-01-22T02:38:26.986753 #7537]  INFO -- : 0:  tilt (1.4.1) from /Users/moacir/.rvm/gems/ruby-2.1.0/specifications/tilt-1.4.1.gemspec
I, [2014-01-22T02:38:27.044382 #7537]  INFO -- : 0:  haml (4.0.3) from /Users/moacir/.rvm/gems/ruby-2.1.0/specifications/haml-4.0.3.gemspec
I, [2014-01-22T02:38:27.044893 #7537]  INFO -- : 0:  jsmin (1.0.1) from /Users/moacir/.rvm/gems/ruby-2.1.0/specifications/jsmin-1.0.1.gemspec
I, [2014-01-22T02:38:27.045378 #7537]  INFO -- : 0:  rack (1.5.2) from /Users/moacir/.rvm/gems/ruby-2.1.0/specifications/rack-1.5.2.gemspec
I, [2014-01-22T02:38:27.045747 #7537]  INFO -- : 0:  rack-protection (1.5.2) from /Users/moacir/.rvm/gems/ruby-2.1.0/specifications/rack-protection-1.5.2.gemspec
I, [2014-01-22T02:38:27.046136 #7537]  INFO -- : 0:  rack-test (0.6.2) from /Users/moacir/.rvm/gems/ruby-2.1.0/specifications/rack-test-0.6.2.gemspec
I, [2014-01-22T02:38:27.046509 #7537]  INFO -- : 0:  rdiscount (2.1.7) from /Users/moacir/.rvm/gems/ruby-2.1.0/specifications/rdiscount-2.1.7.gemspec
I, [2014-01-22T02:38:27.046884 #7537]  INFO -- : 0:  sinatra (1.4.3) from /Users/moacir/.rvm/gems/ruby-2.1.0/specifications/sinatra-1.4.3.gemspec
I, [2014-01-22T02:38:27.047222 #7537]  INFO -- : 0:  sinatra-assetpack (0.2.8) from /Users/moacir/.rvm/gems/ruby-2.1.0/specifications/sinatra-assetpack-0.2.8.gemspec
I, [2014-01-22T02:38:27.047566 #7537]  INFO -- : 0:  bundler (1.5.1) from /Users/moacir/.rvm/gems/ruby-2.1.0@global/specifications/bundler-1.5.1.gemspec
I, [2014-01-22T03:19:17.649055 #8773]  INFO -- : 0:  tilt (1.4.1) from /Users/moacir/.rvm/gems/ruby-2.1.0/specifications/tilt-1.4.1.gemspec
I, [2014-01-22T03:19:17.698052 #8773]  INFO -- : 0:  haml (4.0.3) from /Users/moacir/.rvm/gems/ruby-2.1.0/specifications/haml-4.0.3.gemspec
I, [2014-01-22T03:19:17.698494 #8773]  INFO -- : 0:  jsmin (1.0.1) from /Users/moacir/.rvm/gems/ruby-2.1.0/specifications/jsmin-1.0.1.gemspec
I, [2014-01-22T03:19:17.698855 #8773]  INFO -- : 0:  rack (1.5.2) from /Users/moacir/.rvm/gems/ruby-2.1.0/specifications/rack-1.5.2.gemspec
I, [2014-01-22T03:19:17.699217 #8773]  INFO -- : 0:  rack-protection (1.5.2) from /Users/moacir/.rvm/gems/ruby-2.1.0/specifications/rack-protection-1.5.2.gemspec
I, [2014-01-22T03:19:17.699575 #8773]  INFO -- : 0:  rack-test (0.6.2) from /Users/moacir/.rvm/gems/ruby-2.1.0/specifications/rack-test-0.6.2.gemspec
I, [2014-01-22T03:19:17.699920 #8773]  INFO -- : 0:  sinatra (1.4.3) from /Users/moacir/.rvm/gems/ruby-2.1.0/specifications/sinatra-1.4.3.gemspec
I, [2014-01-22T03:19:17.700250 #8773]  INFO -- : 0:  sinatra-assetpack (0.2.8) from /Users/moacir/.rvm/gems/ruby-2.1.0/specifications/sinatra-assetpack-0.2.8.gemspec
I, [2014-01-22T03:19:17.700615 #8773]  INFO -- : 0:  bundler (1.5.1) from /Users/moacir/.rvm/gems/ruby-2.1.0@global/specifications/bundler-1.5.1.gemspec
